/Users/btsscandal/.rbenv/versions/3.1.3/lib/ruby/gems/3.1.0/gems/bundler-2.4.7/lib/bundler/source/git/git_proxy.rb:317:in `allowed_with_path': The git source https://github.com/manfe/refile.git is not yet checked out. Please run `bundle install` before trying to start your application (Bundler::GitError)
	from /Users/btsscandal/.rbenv/versions/3.1.3/lib/ruby/gems/3.1.0/gems/bundler-2.4.7/lib/bundler/source/git/git_proxy.rb:65:in `revision'
	from /Users/btsscandal/.rbenv/versions/3.1.3/lib/ruby/gems/3.1.0/gems/bundler-2.4.7/lib/bundler/source/git.rb:228:in `revision'
	from /Users/btsscandal/.rbenv/versions/3.1.3/lib/ruby/gems/3.1.0/gems/bundler-2.4.7/lib/bundler/source/git.rb:103:in `install_path'
	from /Users/btsscandal/.rbenv/versions/3.1.3/lib/ruby/gems/3.1.0/gems/bundler-2.4.7/lib/bundler/source/path.rb:133:in `expanded_path'
	from /Users/btsscandal/.rbenv/versions/3.1.3/lib/ruby/gems/3.1.0/gems/bundler-2.4.7/lib/bundler/source/path.rb:174:in `load_spec_files'
	from /Users/btsscandal/.rbenv/versions/3.1.3/lib/ruby/gems/3.1.0/gems/bundler-2.4.7/lib/bundler/source/git.rb:205:in `load_spec_files'
	from /Users/btsscandal/.rbenv/versions/3.1.3/lib/ruby/gems/3.1.0/gems/bundler-2.4.7/lib/bundler/source/path.rb:107:in `local_specs'
	from /Users/btsscandal/.rbenv/versions/3.1.3/lib/ruby/gems/3.1.0/gems/bundler-2.4.7/lib/bundler/source/git.rb:172:in `specs'
	from /Users/btsscandal/.rbenv/versions/3.1.3/lib/ruby/gems/3.1.0/gems/bundler-2.4.7/lib/bundler/source.rb:58:in `spec_names'
	from /Users/btsscandal/.rbenv/versions/3.1.3/lib/ruby/gems/3.1.0/gems/bundler-2.4.7/lib/bundler/source_map.rb:21:in `block in all_requirements'
	from /Users/btsscandal/.rbenv/versions/3.1.3/lib/ruby/gems/3.1.0/gems/bundler-2.4.7/lib/bundler/source_map.rb:20:in `map'
	from /Users/btsscandal/.rbenv/versions/3.1.3/lib/ruby/gems/3.1.0/gems/bundler-2.4.7/lib/bundler/source_map.rb:20:in `all_requirements'
	from /Users/btsscandal/.rbenv/versions/3.1.3/lib/ruby/gems/3.1.0/gems/bundler-2.4.7/lib/bundler/definition.rb:845:in `source_requirements'
	from /Users/btsscandal/.rbenv/versions/3.1.3/lib/ruby/gems/3.1.0/gems/bundler-2.4.7/lib/bundler/definition.rb:497:in `resolution_packages'
	from /Users/btsscandal/.rbenv/versions/3.1.3/lib/ruby/gems/3.1.0/gems/bundler-2.4.7/lib/bundler/definition.rb:486:in `resolver'
	from /Users/btsscandal/.rbenv/versions/3.1.3/lib/ruby/gems/3.1.0/gems/bundler-2.4.7/lib/bundler/definition.rb:554:in `start_resolution'
	from /Users/btsscandal/.rbenv/versions/3.1.3/lib/ruby/gems/3.1.0/gems/bundler-2.4.7/lib/bundler/definition.rb:289:in `resolve'
	from /Users/btsscandal/.rbenv/versions/3.1.3/lib/ruby/gems/3.1.0/gems/bundler-2.4.7/lib/bundler/definition.rb:507:in `materialize'
	from /Users/btsscandal/.rbenv/versions/3.1.3/lib/ruby/gems/3.1.0/gems/bundler-2.4.7/lib/bundler/definition.rb:197:in `specs'
	from /Users/btsscandal/.rbenv/versions/3.1.3/lib/ruby/gems/3.1.0/gems/bundler-2.4.7/lib/bundler/definition.rb:254:in `specs_for'
	from /Users/btsscandal/.rbenv/versions/3.1.3/lib/ruby/gems/3.1.0/gems/bundler-2.4.7/lib/bundler/runtime.rb:18:in `setup'
	from /Users/btsscandal/.rbenv/versions/3.1.3/lib/ruby/gems/3.1.0/gems/bundler-2.4.7/lib/bundler.rb:170:in `setup'
	from /Users/btsscandal/.rbenv/versions/3.1.3/lib/ruby/gems/3.1.0/gems/bundler-2.4.7/lib/bundler/setup.rb:20:in `block in <top (required)>'
	from /Users/btsscandal/.rbenv/versions/3.1.3/lib/ruby/gems/3.1.0/gems/bundler-2.4.7/lib/bundler/ui/shell.rb:159:in `with_level'
	from /Users/btsscandal/.rbenv/versions/3.1.3/lib/ruby/gems/3.1.0/gems/bundler-2.4.7/lib/bundler/ui/shell.rb:111:in `silence'
	from /Users/btsscandal/.rbenv/versions/3.1.3/lib/ruby/gems/3.1.0/gems/bundler-2.4.7/lib/bundler/setup.rb:20:in `<top (required)>'
	from <internal:/Users/btsscandal/.rbenv/versions/3.1.3/lib/ruby/3.1.0/rubygems/core_ext/kernel_require.rb>:85:in `require'
	from <internal:/Users/btsscandal/.rbenv/versions/3.1.3/lib/ruby/3.1.0/rubygems/core_ext/kernel_require.rb>:85:in `require'
	from /Users/btsscandal/myapp110/config/boot.rb:3:in `<top (required)>'
	from bin/rails:3:in `require_relative'
	from bin/rails:3:in `<main>'

